#
# There is insufficient memory for the Java Runtime Environment to continue.
# Native memory allocation (malloc) failed to allocate 234272 bytes for Chunk::new
# Possible reasons:
#   The system is out of physical RAM or swap space
#   The process is running with CompressedOops enabled, and the Java Heap may be blocking the growth of the native heap
# Possible solutions:
#   Reduce memory load on the system
#   Increase physical memory or swap space
#   Check if swap backing store is full
#   Decrease Java heap size (-Xmx/-Xms)
#   Decrease number of Java threads
#   Decrease Java thread stack sizes (-Xss)
#   Set larger code cache with -XX:ReservedCodeCacheSize=
#   JVM is running with Unscaled Compressed Oops mode in which the Java heap is
#     placed in the first 4GB address space. The Java Heap base address is the
#     maximum limit for the native heap growth. Please use -XX:HeapBaseMinAddress
#     to set the Java Heap base and to place the Java Heap above 4GB virtual address.
# This output file may be truncated or incomplete.
#
#  Out of Memory Error (arena.cpp:184), pid=163468, tid=162236
#
# JRE version: Java(TM) SE Runtime Environment (19.0+36) (build 19+36-2238)
# Java VM: Java HotSpot(TM) 64-Bit Server VM (19+36-2238, mixed mode, sharing, tiered, compressed oops, compressed class ptrs, g1 gc, windows-amd64)
# No core dump will be written. Minidumps are not enabled by default on client versions of Windows
#

---------------  S U M M A R Y ------------

Command Line: -XX:+ShowCodeDetailsInExceptionMessages gui.App

Host: 12th Gen Intel(R) Core(TM) i5-1235U, 12 cores, 7G,  Windows 11 , 64 bit Build 22621 (10.0.22621.2506)
Time: Sun Jan  7 11:55:10 2024 Paris, Madrid elapsed time: 79.630340 seconds (0d 0h 1m 19s)

---------------  T H R E A D  ---------------

Current thread (0x000001e07e56bef0):  JavaThread "C2 CompilerThread0" daemon [_thread_in_native, id=162236, stack(0x000000ae1ba00000,0x000000ae1bb00000)]


Current CompileTask:
C2:  79631 2172       4       java.awt.EventQueue::dispatchEventImpl (139 bytes)

Stack: [0x000000ae1ba00000,0x000000ae1bb00000]
Native frames: (J=compiled Java code, j=interpreted, Vv=VM code, C=native code)
V  [jvm.dll+0x6ee8fa]
V  [jvm.dll+0x857a1e]
V  [jvm.dll+0x85940e]
V  [jvm.dll+0x859ac3]
V  [jvm.dll+0x28291f]
V  [jvm.dll+0xc9b5f]
V  [jvm.dll+0xc9ee5]
V  [jvm.dll+0x3bcbac]
V  [jvm.dll+0x386201]
V  [jvm.dll+0x38567a]
V  [jvm.dll+0x24c2c9]
V  [jvm.dll+0x24b671]
V  [jvm.dll+0x1d6d61]
V  [jvm.dll+0x25b0fa]
V  [jvm.dll+0x259588]
V  [jvm.dll+0x807928]
V  [jvm.dll+0x8015fa]
V  [jvm.dll+0x6ed5eb]
C  [ucrtbase.dll+0x29363]
C  [KERNEL32.DLL+0x1257d]
C  [ntdll.dll+0x5aa58]


---------------  P R O C E S S  ---------------

Threads class SMR info:
_java_thread_list=0x000001e07f97a350, length=17, elements={
0x000001e07e560aa0, 0x000001e07e561760, 0x000001e07e5666e0, 0x000001e07e568020,
0x000001e07e568950, 0x000001e07e569280, 0x000001e07e56bef0, 0x000001e07e573ae0,
0x000001e07e57c1e0, 0x000001e07e7f66a0, 0x000001e07e7fd070, 0x000001e07e83b070,
0x000001e07ea2a240, 0x000001e07ea2e790, 0x000001e07ea398d0, 0x000001e05faed7b0,
0x000001e07f68bb90
}

Java Threads: ( => current thread )
  0x000001e07e560aa0 JavaThread "Reference Handler" daemon [_thread_blocked, id=163232, stack(0x000000ae1b400000,0x000000ae1b500000)]
  0x000001e07e561760 JavaThread "Finalizer" daemon [_thread_blocked, id=155904, stack(0x000000ae1b500000,0x000000ae1b600000)]
  0x000001e07e5666e0 JavaThread "Signal Dispatcher" daemon [_thread_blocked, id=150600, stack(0x000000ae1b600000,0x000000ae1b700000)]
  0x000001e07e568020 JavaThread "Attach Listener" daemon [_thread_blocked, id=154884, stack(0x000000ae1b700000,0x000000ae1b800000)]
  0x000001e07e568950 JavaThread "Service Thread" daemon [_thread_blocked, id=155196, stack(0x000000ae1b800000,0x000000ae1b900000)]
  0x000001e07e569280 JavaThread "Monitor Deflation Thread" daemon [_thread_blocked, id=159988, stack(0x000000ae1b900000,0x000000ae1ba00000)]
=>0x000001e07e56bef0 JavaThread "C2 CompilerThread0" daemon [_thread_in_native, id=162236, stack(0x000000ae1ba00000,0x000000ae1bb00000)]
  0x000001e07e573ae0 JavaThread "C1 CompilerThread0" daemon [_thread_blocked, id=120900, stack(0x000000ae1bb00000,0x000000ae1bc00000)]
  0x000001e07e57c1e0 JavaThread "Sweeper thread" daemon [_thread_blocked, id=161184, stack(0x000000ae1bc00000,0x000000ae1bd00000)]
  0x000001e07e7f66a0 JavaThread "Notification Thread" daemon [_thread_blocked, id=156588, stack(0x000000ae1bd00000,0x000000ae1be00000)]
  0x000001e07e7fd070 JavaThread "Common-Cleaner" daemon [_thread_blocked, id=154416, stack(0x000000ae1bf00000,0x000000ae1c000000)]
  0x000001e07e83b070 JavaThread "Java2D Disposer" daemon [_thread_blocked, id=153932, stack(0x000000ae1c000000,0x000000ae1c100000)]
  0x000001e07ea2a240 JavaThread "AWT-Shutdown" [_thread_blocked, id=125864, stack(0x000000ae1c100000,0x000000ae1c200000)]
  0x000001e07ea2e790 JavaThread "AWT-Windows" daemon [_thread_in_native, id=137724, stack(0x000000ae1c200000,0x000000ae1c300000)]
  0x000001e07ea398d0 JavaThread "AWT-EventQueue-0" [_thread_in_native, id=163052, stack(0x000000ae1c300000,0x000000ae1c400000)]
  0x000001e05faed7b0 JavaThread "DestroyJavaVM" [_thread_blocked, id=161452, stack(0x000000ae1ad00000,0x000000ae1ae00000)]
  0x000001e07f68bb90 JavaThread "Thread-0" [_thread_in_Java, id=161380, stack(0x000000ae1c400000,0x000000ae1c500000)]

Other Threads:
  0x000001e07e5424f0 VMThread "VM Thread" [stack: 0x000000ae1b300000,0x000000ae1b400000] [id=161004]
  0x000001e07e7fcc10 WatcherThread "VM Periodic Task Thread" [stack: 0x000000ae1be00000,0x000000ae1bf00000] [id=163144]
  0x000001e05fb4c310 WorkerThread "GC Thread#0" [stack: 0x000000ae1ae00000,0x000000ae1af00000] [id=151696]
  0x000001e07f8e0e30 WorkerThread "GC Thread#1" [stack: 0x000000ae1c500000,0x000000ae1c600000] [id=129012]
  0x000001e07f8f75d0 WorkerThread "GC Thread#2" [stack: 0x000000ae1c600000,0x000000ae1c700000] [id=162964]
  0x000001e07f8ea570 WorkerThread "GC Thread#3" [stack: 0x000000ae1c700000,0x000000ae1c800000] [id=65540]
  0x000001e07f8e9d00 WorkerThread "GC Thread#4" [stack: 0x000000ae1c800000,0x000000ae1c900000] [id=161928]
  0x000001e07f8e91c0 WorkerThread "GC Thread#5" [stack: 0x000000ae1c900000,0x000000ae1ca00000] [id=162748]
  0x000001e07f8ea2a0 WorkerThread "GC Thread#6" [stack: 0x000000ae1ca00000,0x000000ae1cb00000] [id=120616]
  0x000001e07f8ea840 WorkerThread "GC Thread#7" [stack: 0x000000ae1cb00000,0x000000ae1cc00000] [id=147788]
  0x000001e07f8e9a30 WorkerThread "GC Thread#8" [stack: 0x000000ae1cc00000,0x000000ae1cd00000] [id=163316]
  0x000001e07f8e9760 WorkerThread "GC Thread#9" [stack: 0x000000ae1cd00000,0x000000ae1ce00000] [id=157092]
  0x000001e05fb5d340 ConcurrentGCThread "G1 Main Marker" [stack: 0x000000ae1af00000,0x000000ae1b000000] [id=161060]
  0x000001e05fb5dd70 WorkerThread "G1 Conc#0" [stack: 0x000000ae1b000000,0x000000ae1b100000] [id=163832]
  0x000001e05fbae7c0 ConcurrentGCThread "G1 Refine#0" [stack: 0x000000ae1b100000,0x000000ae1b200000] [id=155360]
  0x000001e07e3ff390 ConcurrentGCThread "G1 Service" [stack: 0x000000ae1b200000,0x000000ae1b300000] [id=158664]

Threads with active compile tasks:
C2 CompilerThread0    79714 2172       4       java.awt.EventQueue::dispatchEventImpl (139 bytes)

VM state: not at safepoint (normal execution)

VM Mutex/Monitor currently owned by a thread: None

Heap address: 0x0000000084a00000, size: 1974 MB, Compressed Oops mode: 32-bit

CDS archive(s) mapped at: [0x0000000800000000-0x0000000800c40000-0x0000000800c40000), size 12845056, SharedBaseAddress: 0x0000000800000000, ArchiveRelocationMode: 0.
Compressed class space mapped at: 0x0000000801000000-0x0000000841000000, reserved size: 1073741824
Narrow klass base: 0x0000000800000000, Narrow klass shift: 0, Narrow klass range: 0x100000000

GC Precious Log:
 CardTable entry size: 512
 Card Set container configuration: InlinePtr #cards 5 size 8 Array Of Cards #cards 12 size 40 Howl #buckets 4 coarsen threshold 1843 Howl Bitmap #cards 512 size 80 coarsen threshold 460 Card regions per heap region 1 cards per card region 2048
 CPUs: 12 total, 12 available
 Memory: 7891M
 Large Page Support: Disabled
 NUMA Support: Disabled
 Compressed Oops: Enabled (32-bit)
 Heap Region Size: 1M
 Heap Min Capacity: 8M
 Heap Initial Capacity: 124M
 Heap Max Capacity: 1974M
 Pre-touch: Disabled
 Parallel Workers: 10
 Concurrent Workers: 3
 Concurrent Refinement Workers: 10
 Periodic GC: Disabled

Heap:
 garbage-first heap   total 126976K, used 57564K [0x0000000084a00000, 0x0000000100000000)
  region size 1024K, 43 young (44032K), 3 survivors (3072K)
 Metaspace       used 8419K, committed 8640K, reserved 1114112K
  class space    used 806K, committed 896K, reserved 1048576K

Heap Regions: E=young(eden), S=young(survivor), O=old, HS=humongous(starts), HC=humongous(continues), CS=collection set, F=free, OA=open archive, CA=closed archive, TAMS=top-at-mark-start (previous, next)
|   0|0x0000000084a00000, 0x0000000084b00000, 0x0000000084b00000|100%|HS|  |TAMS 0x0000000084a00000, 0x0000000084a00000| Complete 
|   1|0x0000000084b00000, 0x0000000084c00000, 0x0000000084c00000|100%|HC|  |TAMS 0x0000000084b00000, 0x0000000084b00000| Complete 
|   2|0x0000000084c00000, 0x0000000084d00000, 0x0000000084d00000|100%|HS|  |TAMS 0x0000000084c00000, 0x0000000084c00000| Complete 
|   3|0x0000000084d00000, 0x0000000084d00000, 0x0000000084e00000|  0%| F|  |TAMS 0x0000000084d00000, 0x0000000084d00000| Untracked 
|   4|0x0000000084e00000, 0x0000000084e00000, 0x0000000084f00000|  0%| F|  |TAMS 0x0000000084e00000, 0x0000000084e00000| Untracked 
|   5|0x0000000084f00000, 0x0000000084f00000, 0x0000000085000000|  0%| F|  |TAMS 0x0000000084f00000, 0x0000000084f00000| Untracked 
|   6|0x0000000085000000, 0x0000000085000000, 0x0000000085100000|  0%| F|  |TAMS 0x0000000085000000, 0x0000000085000000| Untracked 
|   7|0x0000000085100000, 0x0000000085100000, 0x0000000085200000|  0%| F|  |TAMS 0x0000000085100000, 0x0000000085100000| Untracked 
|   8|0x0000000085200000, 0x0000000085200000, 0x0000000085300000|  0%| F|  |TAMS 0x0000000085200000, 0x0000000085200000| Untracked 
|   9|0x0000000085300000, 0x0000000085400000, 0x0000000085400000|100%|HS|  |TAMS 0x0000000085300000, 0x0000000085300000| Complete 
|  10|0x0000000085400000, 0x0000000085500000, 0x0000000085500000|100%|HC|  |TAMS 0x0000000085400000, 0x0000000085400000| Complete 
|  11|0x0000000085500000, 0x0000000085600000, 0x0000000085600000|100%|HS|  |TAMS 0x0000000085500000, 0x0000000085500000| Complete 
|  12|0x0000000085600000, 0x0000000085700000, 0x0000000085700000|100%|HC|  |TAMS 0x0000000085600000, 0x0000000085600000| Complete 
|  13|0x0000000085700000, 0x0000000085800000, 0x0000000085800000|100%|HC|  |TAMS 0x0000000085700000, 0x0000000085700000| Complete 
|  14|0x0000000085800000, 0x0000000085900000, 0x0000000085900000|100%|HC|  |TAMS 0x0000000085800000, 0x0000000085800000| Complete 
|  15|0x0000000085900000, 0x0000000085a00000, 0x0000000085a00000|100%| O|  |TAMS 0x0000000085900000, 0x0000000085900000| Untracked 
|  16|0x0000000085a00000, 0x0000000085b00000, 0x0000000085b00000|100%| O|  |TAMS 0x0000000085a00000, 0x0000000085a00000| Untracked 
|  17|0x0000000085b00000, 0x0000000085c00000, 0x0000000085c00000|100%| O|  |TAMS 0x0000000085b00000, 0x0000000085b00000| Untracked 
|  18|0x0000000085c00000, 0x0000000085d00000, 0x0000000085d00000|100%| O|  |TAMS 0x0000000085c00000, 0x0000000085c00000| Untracked 
|  19|0x0000000085d00000, 0x0000000085e00000, 0x0000000085e00000|100%| O|  |TAMS 0x0000000085d00000, 0x0000000085d00000| Untracked 
|  20|0x0000000085e00000, 0x0000000085e80e00, 0x0000000085f00000| 50%| O|  |TAMS 0x0000000085e00000, 0x0000000085e00000| Untracked 
|  21|0x0000000085f00000, 0x0000000085f00000, 0x0000000086000000|  0%| F|  |TAMS 0x0000000085f00000, 0x0000000085f00000| Untracked 
|  22|0x0000000086000000, 0x0000000086000000, 0x0000000086100000|  0%| F|  |TAMS 0x0000000086000000, 0x0000000086000000| Untracked 
|  23|0x0000000086100000, 0x0000000086100000, 0x0000000086200000|  0%| F|  |TAMS 0x0000000086100000, 0x0000000086100000| Untracked 
|  24|0x0000000086200000, 0x0000000086200000, 0x0000000086300000|  0%| F|  |TAMS 0x0000000086200000, 0x0000000086200000| Untracked 
|  25|0x0000000086300000, 0x0000000086300000, 0x0000000086400000|  0%| F|  |TAMS 0x0000000086300000, 0x0000000086300000| Untracked 
|  26|0x0000000086400000, 0x0000000086400000, 0x0000000086500000|  0%| F|  |TAMS 0x0000000086400000, 0x0000000086400000| Untracked 
|  27|0x0000000086500000, 0x0000000086500000, 0x0000000086600000|  0%| F|  |TAMS 0x0000000086500000, 0x0000000086500000| Untracked 
|  28|0x0000000086600000, 0x0000000086600000, 0x0000000086700000|  0%| F|  |TAMS 0x0000000086600000, 0x0000000086600000| Untracked 
|  29|0x0000000086700000, 0x0000000086700000, 0x0000000086800000|  0%| F|  |TAMS 0x0000000086700000, 0x0000000086700000| Untracked 
|  30|0x0000000086800000, 0x0000000086800000, 0x0000000086900000|  0%| F|  |TAMS 0x0000000086800000, 0x0000000086800000| Untracked 
|  31|0x0000000086900000, 0x0000000086900000, 0x0000000086a00000|  0%| F|  |TAMS 0x0000000086900000, 0x0000000086900000| Untracked 
|  32|0x0000000086a00000, 0x0000000086a00000, 0x0000000086b00000|  0%| F|  |TAMS 0x0000000086a00000, 0x0000000086a00000| Untracked 
|  33|0x0000000086b00000, 0x0000000086b00000, 0x0000000086c00000|  0%| F|  |TAMS 0x0000000086b00000, 0x0000000086b00000| Untracked 
|  34|0x0000000086c00000, 0x0000000086c00000, 0x0000000086d00000|  0%| F|  |TAMS 0x0000000086c00000, 0x0000000086c00000| Untracked 
|  35|0x0000000086d00000, 0x0000000086d00000, 0x0000000086e00000|  0%| F|  |TAMS 0x0000000086d00000, 0x0000000086d00000| Untracked 
|  36|0x0000000086e00000, 0x0000000086e00000, 0x0000000086f00000|  0%| F|  |TAMS 0x0000000086e00000, 0x0000000086e00000| Untracked 
|  37|0x0000000086f00000, 0x0000000086f00000, 0x0000000087000000|  0%| F|  |TAMS 0x0000000086f00000, 0x0000000086f00000| Untracked 
|  38|0x0000000087000000, 0x0000000087000000, 0x0000000087100000|  0%| F|  |TAMS 0x0000000087000000, 0x0000000087000000| Untracked 
|  39|0x0000000087100000, 0x0000000087100000, 0x0000000087200000|  0%| F|  |TAMS 0x0000000087100000, 0x0000000087100000| Untracked 
|  40|0x0000000087200000, 0x0000000087200000, 0x0000000087300000|  0%| F|  |TAMS 0x0000000087200000, 0x0000000087200000| Untracked 
|  41|0x0000000087300000, 0x0000000087300000, 0x0000000087400000|  0%| F|  |TAMS 0x0000000087300000, 0x0000000087300000| Untracked 
|  42|0x0000000087400000, 0x0000000087400000, 0x0000000087500000|  0%| F|  |TAMS 0x0000000087400000, 0x0000000087400000| Untracked 
|  43|0x0000000087500000, 0x0000000087500000, 0x0000000087600000|  0%| F|  |TAMS 0x0000000087500000, 0x0000000087500000| Untracked 
|  44|0x0000000087600000, 0x0000000087600000, 0x0000000087700000|  0%| F|  |TAMS 0x0000000087600000, 0x0000000087600000| Untracked 
|  45|0x0000000087700000, 0x0000000087700000, 0x0000000087800000|  0%| F|  |TAMS 0x0000000087700000, 0x0000000087700000| Untracked 
|  46|0x0000000087800000, 0x0000000087800000, 0x0000000087900000|  0%| F|  |TAMS 0x0000000087800000, 0x0000000087800000| Untracked 
|  47|0x0000000087900000, 0x0000000087900000, 0x0000000087a00000|  0%| F|  |TAMS 0x0000000087900000, 0x0000000087900000| Untracked 
|  48|0x0000000087a00000, 0x0000000087a00000, 0x0000000087b00000|  0%| F|  |TAMS 0x0000000087a00000, 0x0000000087a00000| Untracked 
|  49|0x0000000087b00000, 0x0000000087b00000, 0x0000000087c00000|  0%| F|  |TAMS 0x0000000087b00000, 0x0000000087b00000| Untracked 
|  50|0x0000000087c00000, 0x0000000087cb6280, 0x0000000087d00000| 71%| S|CS|TAMS 0x0000000087c00000, 0x0000000087c00000| Complete 
|  51|0x0000000087d00000, 0x0000000087e00000, 0x0000000087e00000|100%| S|CS|TAMS 0x0000000087d00000, 0x0000000087d00000| Complete 
|  52|0x0000000087e00000, 0x0000000087f00000, 0x0000000087f00000|100%| S|CS|TAMS 0x0000000087e00000, 0x0000000087e00000| Complete 
|  53|0x0000000087f00000, 0x0000000087f00000, 0x0000000088000000|  0%| F|  |TAMS 0x0000000087f00000, 0x0000000087f00000| Untracked 
|  54|0x0000000088000000, 0x0000000088000000, 0x0000000088100000|  0%| F|  |TAMS 0x0000000088000000, 0x0000000088000000| Untracked 
|  55|0x0000000088100000, 0x0000000088100000, 0x0000000088200000|  0%| F|  |TAMS 0x0000000088100000, 0x0000000088100000| Untracked 
|  56|0x0000000088200000, 0x0000000088200000, 0x0000000088300000|  0%| F|  |TAMS 0x0000000088200000, 0x0000000088200000| Untracked 
|  57|0x0000000088300000, 0x0000000088300000, 0x0000000088400000|  0%| F|  |TAMS 0x0000000088300000, 0x0000000088300000| Untracked 
|  58|0x0000000088400000, 0x0000000088400000, 0x0000000088500000|  0%| F|  |TAMS 0x0000000088400000, 0x0000000088400000| Untracked 
|  59|0x0000000088500000, 0x0000000088500000, 0x0000000088600000|  0%| F|  |TAMS 0x0000000088500000, 0x0000000088500000| Untracked 
|  60|0x0000000088600000, 0x0000000088600000, 0x0000000088700000|  0%| F|  |TAMS 0x0000000088600000, 0x0000000088600000| Untracked 
|  61|0x0000000088700000, 0x0000000088700000, 0x0000000088800000|  0%| F|  |TAMS 0x0000000088700000, 0x0000000088700000| Untracked 
|  62|0x0000000088800000, 0x0000000088800000, 0x0000000088900000|  0%| F|  |TAMS 0x0000000088800000, 0x0000000088800000| Untracked 
|  63|0x0000000088900000, 0x0000000088900000, 0x0000000088a00000|  0%| F|  |TAMS 0x0000000088900000, 0x0000000088900000| Untracked 
|  64|0x0000000088a00000, 0x0000000088a00000, 0x0000000088b00000|  0%| F|  |TAMS 0x0000000088a00000, 0x0000000088a00000| Untracked 
|  65|0x0000000088b00000, 0x0000000088b00000, 0x0000000088c00000|  0%| F|  |TAMS 0x0000000088b00000, 0x0000000088b00000| Untracked 
|  66|0x0000000088c00000, 0x0000000088c00000, 0x0000000088d00000|  0%| F|  |TAMS 0x0000000088c00000, 0x0000000088c00000| Untracked 
|  67|0x0000000088d00000, 0x0000000088d00000, 0x0000000088e00000|  0%| F|  |TAMS 0x0000000088d00000, 0x0000000088d00000| Untracked 
|  68|0x0000000088e00000, 0x0000000088e00000, 0x0000000088f00000|  0%| F|  |TAMS 0x0000000088e00000, 0x0000000088e00000| Untracked 
|  69|0x0000000088f00000, 0x0000000088f00000, 0x0000000089000000|  0%| F|  |TAMS 0x0000000088f00000, 0x0000000088f00000| Untracked 
|  70|0x0000000089000000, 0x0000000089000000, 0x0000000089100000|  0%| F|  |TAMS 0x0000000089000000, 0x0000000089000000| Untracked 
|  71|0x0000000089100000, 0x0000000089100000, 0x0000000089200000|  0%| F|  |TAMS 0x0000000089100000, 0x0000000089100000| Untracked 
|  72|0x0000000089200000, 0x0000000089200000, 0x0000000089300000|  0%| F|  |TAMS 0x0000000089200000, 0x0000000089200000| Untracked 
|  73|0x0000000089300000, 0x0000000089300000, 0x0000000089400000|  0%| F|  |TAMS 0x0000000089300000, 0x0000000089300000| Untracked 
|  74|0x0000000089400000, 0x0000000089400000, 0x0000000089500000|  0%| F|  |TAMS 0x0000000089400000, 0x0000000089400000| Untracked 
|  75|0x0000000089500000, 0x0000000089500000, 0x0000000089600000|  0%| F|  |TAMS 0x0000000089500000, 0x0000000089500000| Untracked 
|  76|0x0000000089600000, 0x0000000089600000, 0x0000000089700000|  0%| F|  |TAMS 0x0000000089600000, 0x0000000089600000| Untracked 
|  77|0x0000000089700000, 0x0000000089700000, 0x0000000089800000|  0%| F|  |TAMS 0x0000000089700000, 0x0000000089700000| Untracked 
|  78|0x0000000089800000, 0x0000000089800000, 0x0000000089900000|  0%| F|  |TAMS 0x0000000089800000, 0x0000000089800000| Untracked 
|  79|0x0000000089900000, 0x0000000089900000, 0x0000000089a00000|  0%| F|  |TAMS 0x0000000089900000, 0x0000000089900000| Untracked 
|  80|0x0000000089a00000, 0x0000000089a00000, 0x0000000089b00000|  0%| F|  |TAMS 0x0000000089a00000, 0x0000000089a00000| Untracked 
|  81|0x0000000089b00000, 0x0000000089b00000, 0x0000000089c00000|  0%| F|  |TAMS 0x0000000089b00000, 0x0000000089b00000| Untracked 
|  82|0x0000000089c00000, 0x0000000089c00000, 0x0000000089d00000|  0%| F|  |TAMS 0x0000000089c00000, 0x0000000089c00000| Untracked 
|  83|0x0000000089d00000, 0x0000000089d00000, 0x0000000089e00000|  0%| F|  |TAMS 0x0000000089d00000, 0x0000000089d00000| Untracked 
|  84|0x0000000089e00000, 0x0000000089f00000, 0x0000000089f00000|100%| E|  |TAMS 0x0000000089e00000, 0x0000000089e00000| Complete 
|  85|0x0000000089f00000, 0x000000008a000000, 0x000000008a000000|100%| E|CS|TAMS 0x0000000089f00000, 0x0000000089f00000| Complete 
|  86|0x000000008a000000, 0x000000008a100000, 0x000000008a100000|100%| E|CS|TAMS 0x000000008a000000, 0x000000008a000000| Complete 
|  87|0x000000008a100000, 0x000000008a200000, 0x000000008a200000|100%| E|CS|TAMS 0x000000008a100000, 0x000000008a100000| Complete 
|  88|0x000000008a200000, 0x000000008a300000, 0x000000008a300000|100%| E|CS|TAMS 0x000000008a200000, 0x000000008a200000| Complete 
|  89|0x000000008a300000, 0x000000008a400000, 0x000000008a400000|100%| E|CS|TAMS 0x000000008a300000, 0x000000008a300000| Complete 
|  90|0x000000008a400000, 0x000000008a500000, 0x000000008a500000|100%| E|CS|TAMS 0x000000008a400000, 0x000000008a400000| Complete 
|  91|0x000000008a500000, 0x000000008a600000, 0x000000008a600000|100%| E|CS|TAMS 0x000000008a500000, 0x000000008a500000| Complete 
|  92|0x000000008a600000, 0x000000008a700000, 0x000000008a700000|100%| E|CS|TAMS 0x000000008a600000, 0x000000008a600000| Complete 
|  93|0x000000008a700000, 0x000000008a800000, 0x000000008a800000|100%| E|CS|TAMS 0x000000008a700000, 0x000000008a700000| Complete 
|  94|0x000000008a800000, 0x000000008a900000, 0x000000008a900000|100%| E|CS|TAMS 0x000000008a800000, 0x000000008a800000| Complete 
|  95|0x000000008a900000, 0x000000008aa00000, 0x000000008aa00000|100%| E|CS|TAMS 0x000000008a900000, 0x000000008a900000| Complete 
|  96|0x000000008aa00000, 0x000000008ab00000, 0x000000008ab00000|100%| E|CS|TAMS 0x000000008aa00000, 0x000000008aa00000| Complete 
|  97|0x000000008ab00000, 0x000000008ac00000, 0x000000008ac00000|100%| E|CS|TAMS 0x000000008ab00000, 0x000000008ab00000| Complete 
|  98|0x000000008ac00000, 0x000000008ad00000, 0x000000008ad00000|100%| E|CS|TAMS 0x000000008ac00000, 0x000000008ac00000| Complete 
|  99|0x000000008ad00000, 0x000000008ae00000, 0x000000008ae00000|100%| E|CS|TAMS 0x000000008ad00000, 0x000000008ad00000| Complete 
| 100|0x000000008ae00000, 0x000000008af00000, 0x000000008af00000|100%| E|CS|TAMS 0x000000008ae00000, 0x000000008ae00000| Complete 
| 101|0x000000008af00000, 0x000000008b000000, 0x000000008b000000|100%| E|CS|TAMS 0x000000008af00000, 0x000000008af00000| Complete 
| 102|0x000000008b000000, 0x000000008b100000, 0x000000008b100000|100%| E|CS|TAMS 0x000000008b000000, 0x000000008b000000| Complete 
| 103|0x000000008b100000, 0x000000008b200000, 0x000000008b200000|100%| E|CS|TAMS 0x000000008b100000, 0x000000008b100000| Complete 
| 104|0x000000008b200000, 0x000000008b300000, 0x000000008b300000|100%| E|CS|TAMS 0x000000008b200000, 0x000000008b200000| Complete 
| 105|0x000000008b300000, 0x000000008b400000, 0x000000008b400000|100%| E|CS|TAMS 0x000000008b300000, 0x000000008b300000| Complete 
| 106|0x000000008b400000, 0x000000008b500000, 0x000000008b500000|100%| E|CS|TAMS 0x000000008b400000, 0x000000008b400000| Complete 
| 107|0x000000008b500000, 0x000000008b600000, 0x000000008b600000|100%| E|CS|TAMS 0x000000008b500000, 0x000000008b500000| Complete 
| 108|0x000000008b600000, 0x000000008b700000, 0x000000008b700000|100%| E|CS|TAMS 0x000000008b600000, 0x000000008b600000| Complete 
| 109|0x000000008b700000, 0x000000008b800000, 0x000000008b800000|100%| E|CS|TAMS 0x000000008b700000, 0x000000008b700000| Complete 
| 110|0x000000008b800000, 0x000000008b900000, 0x000000008b900000|100%| E|CS|TAMS 0x000000008b800000, 0x000000008b800000| Complete 
| 111|0x000000008b900000, 0x000000008ba00000, 0x000000008ba00000|100%| E|CS|TAMS 0x000000008b900000, 0x000000008b900000| Complete 
| 112|0x000000008ba00000, 0x000000008bb00000, 0x000000008bb00000|100%| E|CS|TAMS 0x000000008ba00000, 0x000000008ba00000| Complete 
| 113|0x000000008bb00000, 0x000000008bc00000, 0x000000008bc00000|100%| E|CS|TAMS 0x000000008bb00000, 0x000000008bb00000| Complete 
| 114|0x000000008bc00000, 0x000000008bd00000, 0x000000008bd00000|100%| E|CS|TAMS 0x000000008bc00000, 0x000000008bc00000| Complete 
| 115|0x000000008bd00000, 0x000000008be00000, 0x000000008be00000|100%| E|CS|TAMS 0x000000008bd00000, 0x000000008bd00000| Complete 
| 116|0x000000008be00000, 0x000000008bf00000, 0x000000008bf00000|100%| E|CS|TAMS 0x000000008be00000, 0x000000008be00000| Complete 
| 117|0x000000008bf00000, 0x000000008c000000, 0x000000008c000000|100%| E|CS|TAMS 0x000000008bf00000, 0x000000008bf00000| Complete 
| 118|0x000000008c000000, 0x000000008c100000, 0x000000008c100000|100%| E|CS|TAMS 0x000000008c000000, 0x000000008c000000| Complete 
| 119|0x000000008c100000, 0x000000008c200000, 0x000000008c200000|100%| E|CS|TAMS 0x000000008c100000, 0x000000008c100000| Complete 
| 120|0x000000008c200000, 0x000000008c300000, 0x000000008c300000|100%| E|CS|TAMS 0x000000008c200000, 0x000000008c200000| Complete 
| 121|0x000000008c300000, 0x000000008c400000, 0x000000008c400000|100%| E|CS|TAMS 0x000000008c300000, 0x000000008c300000| Complete 
| 122|0x000000008c400000, 0x000000008c500000, 0x000000008c500000|100%| E|CS|TAMS 0x000000008c400000, 0x000000008c400000| Complete 
| 123|0x000000008c500000, 0x000000008c600000, 0x000000008c600000|100%| E|CS|TAMS 0x000000008c500000, 0x000000008c500000| Complete 

Card table byte_map: [0x000001e077380000,0x000001e077760000] _byte_map_base: 0x000001e076f5b000

Marking Bits (Prev, Next): (CMBitMap*) 0x000001e05fb4c940, (CMBitMap*) 0x000001e05fb4c980
 Prev Bits: [0x000001e077b40000, 0x000001e079a18000)
 Next Bits: [0x000001e079a20000, 0x000001e07b8f8000)

Polling page: 0x000001e05dae0000

Metaspace:

Usage:
  Non-class:      7.44 MB used.
      Class:    806.21 KB used.
       Both:      8.22 MB used.

Virtual space:
  Non-class space:       64.00 MB reserved,       7.56 MB ( 12%) committed,  1 nodes.
      Class space:        1.00 GB reserved,     896.00 KB ( <1%) committed,  1 nodes.
             Both:        1.06 GB reserved,       8.44 MB ( <1%) committed. 

Chunk freelists:
   Non-Class:  189.00 KB
       Class:  3.08 MB
        Both:  3.26 MB

MaxMetaspaceSize: unlimited
CompressedClassSpaceSize: 1.00 GB
Initial GC threshold: 21.00 MB
Current GC threshold: 21.00 MB
CDS: on
MetaspaceReclaimPolicy: balanced
 - commit_granule_bytes: 65536.
 - commit_granule_words: 8192.
 - virtual_space_node_default_size: 8388608.
 - enlarge_chunks_in_place: 1.
 - new_chunks_are_fully_committed: 0.
 - uncommit_free_chunks: 1.
 - use_allocation_guard: 0.


Internal statistics:

num_allocs_failed_limit: 0.
num_arena_births: 164.
num_arena_deaths: 0.
num_vsnodes_births: 2.
num_vsnodes_deaths: 0.
num_space_committed: 135.
num_space_uncommitted: 0.
num_chunks_returned_to_freelist: 0.
num_chunks_taken_from_freelist: 204.
num_chunk_merges: 0.
num_chunk_splits: 139.
num_chunks_enlarged: 90.
num_inconsistent_stats: 0.

CodeHeap 'non-profiled nmethods': size=120000Kb used=1762Kb max_used=1762Kb free=118237Kb
 bounds [0x000001e06f510000, 0x000001e06f780000, 0x000001e076a40000]
CodeHeap 'profiled nmethods': size=120000Kb used=3855Kb max_used=3855Kb free=116144Kb
 bounds [0x000001e067a40000, 0x000001e067e10000, 0x000001e06ef70000]
CodeHeap 'non-nmethods': size=5760Kb used=1351Kb max_used=1391Kb free=4408Kb
 bounds [0x000001e06ef70000, 0x000001e06f1e0000, 0x000001e06f510000]
 total_blobs=2765 nmethods=2171 adapters=505
 compilation: enabled
              stopped_count=0, restarted_count=0
 full_count=0

Compilation events (20 events):
Event: 73.852 Thread 0x000001e07e573ae0 nmethod 2162 0x000001e067dff410 code [0x000001e067dff5a0, 0x000001e067dff6f8]
Event: 73.917 Thread 0x000001e07e573ae0 2163       3       java.lang.invoke.DirectMethodHandle$Constructor::<init> (44 bytes)
Event: 73.918 Thread 0x000001e07e573ae0 nmethod 2163 0x000001e067dff790 code [0x000001e067dff940, 0x000001e067dffb68]
Event: 73.918 Thread 0x000001e07e573ae0 2164       3       jdk.internal.ref.PhantomCleanable::<init> (49 bytes)
Event: 73.928 Thread 0x000001e07e573ae0 nmethod 2164 0x000001e067dffc10 code [0x000001e067dffe60, 0x000001e067e00978]
Event: 73.928 Thread 0x000001e07e573ae0 2165   !   3       jdk.internal.ref.PhantomCleanable::insert (53 bytes)
Event: 73.929 Thread 0x000001e07e573ae0 nmethod 2165 0x000001e067e00d10 code [0x000001e067e00ec0, 0x000001e067e01238]
Event: 73.947 Thread 0x000001e07e573ae0 2166       3       java.beans.PropertyChangeSupport::firePropertyChange (35 bytes)
Event: 73.959 Thread 0x000001e07e573ae0 nmethod 2166 0x000001e067e01390 code [0x000001e067e015a0, 0x000001e067e01d48]
Event: 75.190 Thread 0x000001e07e56bef0 2167       4       config.TowerConfig::deleteTowersPlaced (138 bytes)
Event: 75.215 Thread 0x000001e07e56bef0 nmethod 2167 0x000001e06f6c7110 code [0x000001e06f6c7300, 0x000001e06f6c7ff8]
Event: 75.284 Thread 0x000001e07e573ae0 2168       3       java.nio.charset.CoderResult::isUnderflow (13 bytes)
Event: 75.285 Thread 0x000001e07e573ae0 nmethod 2168 0x000001e067e01f90 code [0x000001e067e02120, 0x000001e067e02298]
Event: 75.285 Thread 0x000001e07e573ae0 2169       3       java.nio.ByteBuffer::flip (7 bytes)
Event: 75.285 Thread 0x000001e07e573ae0 nmethod 2169 0x000001e067e02310 code [0x000001e067e024c0, 0x000001e067e02638]
Event: 75.729 Thread 0x000001e07e573ae0 2170       3       java.awt.EventQueue$5::run (19 bytes)
Event: 75.730 Thread 0x000001e07e573ae0 nmethod 2170 0x000001e067e02710 code [0x000001e067e02960, 0x000001e067e03028]
Event: 75.730 Thread 0x000001e07e573ae0 2171       3       java.security.ProtectionDomain$JavaSecurityAccessImpl::doIntersectionPrivilege (10 bytes)
Event: 75.731 Thread 0x000001e07e573ae0 nmethod 2171 0x000001e067e03310 code [0x000001e067e03540, 0x000001e067e03b88]
Event: 79.596 Thread 0x000001e07e56bef0 2172       4       java.awt.EventQueue::dispatchEventImpl (139 bytes)

GC Heap History (20 events):
Event: 60.414 GC heap before
{Heap before GC invocations=30 (full 0):
 garbage-first heap   total 126976K, used 90028K [0x0000000084a00000, 0x0000000100000000)
  region size 1024K, 74 young (75776K), 3 survivors (3072K)
 Metaspace       used 8412K, committed 8640K, reserved 1114112K
  class space    used 805K, committed 896K, reserved 1048576K
}
Event: 60.419 GC heap after
{Heap after GC invocations=31 (full 0):
 garbage-first heap   total 126976K, used 17326K [0x0000000084a00000, 0x0000000100000000)
  region size 1024K, 3 young (3072K), 3 survivors (3072K)
 Metaspace       used 8412K, committed 8640K, reserved 1114112K
  class space    used 805K, committed 896K, reserved 1048576K
}
Event: 62.377 GC heap before
{Heap before GC invocations=31 (full 0):
 garbage-first heap   total 126976K, used 90030K [0x0000000084a00000, 0x0000000100000000)
  region size 1024K, 74 young (75776K), 3 survivors (3072K)
 Metaspace       used 8412K, committed 8640K, reserved 1114112K
  class space    used 805K, committed 896K, reserved 1048576K
}
Event: 62.384 GC heap after
{Heap after GC invocations=32 (full 0):
 garbage-first heap   total 126976K, used 17393K [0x0000000084a00000, 0x0000000100000000)
  region size 1024K, 3 young (3072K), 3 survivors (3072K)
 Metaspace       used 8412K, committed 8640K, reserved 1114112K
  class space    used 805K, committed 896K, reserved 1048576K
}
Event: 64.365 GC heap before
{Heap before GC invocations=32 (full 0):
 garbage-first heap   total 126976K, used 90097K [0x0000000084a00000, 0x0000000100000000)
  region size 1024K, 74 young (75776K), 3 survivors (3072K)
 Metaspace       used 8412K, committed 8640K, reserved 1114112K
  class space    used 805K, committed 896K, reserved 1048576K
}
Event: 64.372 GC heap after
{Heap after GC invocations=33 (full 0):
 garbage-first heap   total 126976K, used 17274K [0x0000000084a00000, 0x0000000100000000)
  region size 1024K, 3 young (3072K), 3 survivors (3072K)
 Metaspace       used 8412K, committed 8640K, reserved 1114112K
  class space    used 805K, committed 896K, reserved 1048576K
}
Event: 66.337 GC heap before
{Heap before GC invocations=33 (full 0):
 garbage-first heap   total 126976K, used 89978K [0x0000000084a00000, 0x0000000100000000)
  region size 1024K, 74 young (75776K), 3 survivors (3072K)
 Metaspace       used 8413K, committed 8640K, reserved 1114112K
  class space    used 805K, committed 896K, reserved 1048576K
}
Event: 66.344 GC heap after
{Heap after GC invocations=34 (full 0):
 garbage-first heap   total 126976K, used 17343K [0x0000000084a00000, 0x0000000100000000)
  region size 1024K, 3 young (3072K), 3 survivors (3072K)
 Metaspace       used 8413K, committed 8640K, reserved 1114112K
  class space    used 805K, committed 896K, reserved 1048576K
}
Event: 68.314 GC heap before
{Heap before GC invocations=34 (full 0):
 garbage-first heap   total 126976K, used 90047K [0x0000000084a00000, 0x0000000100000000)
  region size 1024K, 74 young (75776K), 3 survivors (3072K)
 Metaspace       used 8413K, committed 8640K, reserved 1114112K
  class space    used 805K, committed 896K, reserved 1048576K
}
Event: 68.319 GC heap after
{Heap after GC invocations=35 (full 0):
 garbage-first heap   total 126976K, used 17351K [0x0000000084a00000, 0x0000000100000000)
  region size 1024K, 3 young (3072K), 3 survivors (3072K)
 Metaspace       used 8413K, committed 8640K, reserved 1114112K
  class space    used 805K, committed 896K, reserved 1048576K
}
Event: 70.288 GC heap before
{Heap before GC invocations=35 (full 0):
 garbage-first heap   total 126976K, used 90055K [0x0000000084a00000, 0x0000000100000000)
  region size 1024K, 74 young (75776K), 3 survivors (3072K)
 Metaspace       used 8413K, committed 8640K, reserved 1114112K
  class space    used 805K, committed 896K, reserved 1048576K
}
Event: 70.296 GC heap after
{Heap after GC invocations=36 (full 0):
 garbage-first heap   total 126976K, used 17351K [0x0000000084a00000, 0x0000000100000000)
  region size 1024K, 3 young (3072K), 3 survivors (3072K)
 Metaspace       used 8413K, committed 8640K, reserved 1114112K
  class space    used 805K, committed 896K, reserved 1048576K
}
Event: 72.334 GC heap before
{Heap before GC invocations=36 (full 0):
 garbage-first heap   total 126976K, used 90055K [0x0000000084a00000, 0x0000000100000000)
  region size 1024K, 74 young (75776K), 3 survivors (3072K)
 Metaspace       used 8413K, committed 8640K, reserved 1114112K
  class space    used 805K, committed 896K, reserved 1048576K
}
Event: 72.340 GC heap after
{Heap after GC invocations=37 (full 0):
 garbage-first heap   total 126976K, used 17360K [0x0000000084a00000, 0x0000000100000000)
  region size 1024K, 3 young (3072K), 3 survivors (3072K)
 Metaspace       used 8413K, committed 8640K, reserved 1114112K
  class space    used 805K, committed 896K, reserved 1048576K
}
Event: 74.564 GC heap before
{Heap before GC invocations=37 (full 0):
 garbage-first heap   total 126976K, used 90064K [0x0000000084a00000, 0x0000000100000000)
  region size 1024K, 74 young (75776K), 3 survivors (3072K)
 Metaspace       used 8419K, committed 8640K, reserved 1114112K
  class space    used 806K, committed 896K, reserved 1048576K
}
Event: 74.567 GC heap after
{Heap after GC invocations=38 (full 0):
 garbage-first heap   total 126976K, used 17547K [0x0000000084a00000, 0x0000000100000000)
  region size 1024K, 3 young (3072K), 3 survivors (3072K)
 Metaspace       used 8419K, committed 8640K, reserved 1114112K
  class space    used 806K, committed 896K, reserved 1048576K
}
Event: 76.568 GC heap before
{Heap before GC invocations=38 (full 0):
 garbage-first heap   total 126976K, used 90251K [0x0000000084a00000, 0x0000000100000000)
  region size 1024K, 74 young (75776K), 3 survivors (3072K)
 Metaspace       used 8419K, committed 8640K, reserved 1114112K
  class space    used 806K, committed 896K, reserved 1048576K
}
Event: 76.574 GC heap after
{Heap after GC invocations=39 (full 0):
 garbage-first heap   total 126976K, used 17618K [0x0000000084a00000, 0x0000000100000000)
  region size 1024K, 3 young (3072K), 3 survivors (3072K)
 Metaspace       used 8419K, committed 8640K, reserved 1114112K
  class space    used 806K, committed 896K, reserved 1048576K
}
Event: 78.570 GC heap before
{Heap before GC invocations=39 (full 0):
 garbage-first heap   total 126976K, used 90322K [0x0000000084a00000, 0x0000000100000000)
  region size 1024K, 74 young (75776K), 3 survivors (3072K)
 Metaspace       used 8419K, committed 8640K, reserved 1114112K
  class space    used 806K, committed 896K, reserved 1048576K
}
Event: 78.578 GC heap after
{Heap after GC invocations=40 (full 0):
 garbage-first heap   total 126976K, used 17628K [0x0000000084a00000, 0x0000000100000000)
  region size 1024K, 3 young (3072K), 3 survivors (3072K)
 Metaspace       used 8419K, committed 8640K, reserved 1114112K
  class space    used 806K, committed 896K, reserved 1048576K
}

Dll operation events (9 events):
Event: 0.050 Loaded shared library C:\Program Files\Java\jdk-19\bin\java.dll
Event: 0.146 Loaded shared library C:\Program Files\Java\jdk-19\bin\jsvml.dll
Event: 0.280 Loaded shared library C:\Program Files\Java\jdk-19\bin\jimage.dll
Event: 0.313 Loaded shared library C:\Program Files\Java\jdk-19\bin\awt.dll
Event: 0.601 Loaded shared library C:\Program Files\Java\jdk-19\bin\zip.dll
Event: 0.719 Loaded shared library C:\Program Files\Java\jdk-19\bin\freetype.dll
Event: 0.721 Loaded shared library C:\Program Files\Java\jdk-19\bin\fontmanager.dll
Event: 0.885 Loaded shared library C:\Program Files\Java\jdk-19\bin\net.dll
Event: 0.895 Loaded shared library C:\Program Files\Java\jdk-19\bin\nio.dll

Deoptimization events (20 events):
Event: 60.227 Thread 0x000001e07ea398d0 Uncommon trap: trap_request=0xffffffec fr.pc=0x000001e06f6546d4 relative=0x0000000000003bb4
Event: 60.227 Thread 0x000001e07ea398d0 Uncommon trap: reason=null_assert_or_unreached0 action=make_not_entrant pc=0x000001e06f6546d4 method=gui.PowersGraphics.drawImages(Ljava/awt/Graphics;)V @ 22 c2
Event: 60.227 Thread 0x000001e07ea398d0 DEOPT PACKING pc=0x000001e06f6546d4 sp=0x000000ae1c3fe930
Event: 60.227 Thread 0x000001e07ea398d0 DEOPT UNPACKING pc=0x000001e06efd6da3 sp=0x000000ae1c3fe820 mode 2
Event: 62.445 Thread 0x000001e07ea398d0 Uncommon trap: trap_request=0xffffff45 fr.pc=0x000001e06f697a3c relative=0x0000000000004c3c
Event: 62.445 Thread 0x000001e07ea398d0 Uncommon trap: reason=unstable_if action=reinterpret pc=0x000001e06f697a3c method=gui.PowersGraphics.drawImages(Ljava/awt/Graphics;)V @ 42 c2
Event: 62.445 Thread 0x000001e07ea398d0 DEOPT PACKING pc=0x000001e06f697a3c sp=0x000000ae1c3fe930
Event: 62.445 Thread 0x000001e07ea398d0 DEOPT UNPACKING pc=0x000001e06efd6da3 sp=0x000000ae1c3fe818 mode 2
Event: 67.562 Thread 0x000001e07ea398d0 Uncommon trap: trap_request=0xffffffde fr.pc=0x000001e06f58534c relative=0x0000000000000a2c
Event: 67.562 Thread 0x000001e07ea398d0 Uncommon trap: reason=class_check action=maybe_recompile pc=0x000001e06f58534c method=java.util.Hashtable.put(Ljava/lang/Object;Ljava/lang/Object;)Ljava/lang/Object; @ 60 c2
Event: 67.562 Thread 0x000001e07ea398d0 DEOPT PACKING pc=0x000001e06f58534c sp=0x000000ae1c3fdec0
Event: 67.562 Thread 0x000001e07ea398d0 DEOPT UNPACKING pc=0x000001e06efd6da3 sp=0x000000ae1c3fddf0 mode 2
Event: 73.607 Thread 0x000001e07ea398d0 Uncommon trap: trap_request=0xffffffde fr.pc=0x000001e06f58534c relative=0x0000000000000a2c
Event: 73.607 Thread 0x000001e07ea398d0 Uncommon trap: reason=class_check action=maybe_recompile pc=0x000001e06f58534c method=java.util.Hashtable.put(Ljava/lang/Object;Ljava/lang/Object;)Ljava/lang/Object; @ 60 c2
Event: 73.607 Thread 0x000001e07ea398d0 DEOPT PACKING pc=0x000001e06f58534c sp=0x000000ae1c3fe3f0
Event: 73.607 Thread 0x000001e07ea398d0 DEOPT UNPACKING pc=0x000001e06efd6da3 sp=0x000000ae1c3fe320 mode 2
Event: 73.946 Thread 0x000001e07ea398d0 Uncommon trap: trap_request=0xffffffc6 fr.pc=0x000001e06f6a99a4 relative=0x00000000000047a4
Event: 73.946 Thread 0x000001e07ea398d0 Uncommon trap: reason=bimorphic_or_optimized_type_check action=maybe_recompile pc=0x000001e06f6a99a4 method=java.awt.event.InvocationEvent.dispatch()V @ 47 c2
Event: 73.946 Thread 0x000001e07ea398d0 DEOPT PACKING pc=0x000001e06f6a99a4 sp=0x000000ae1c3ff1b0
Event: 73.946 Thread 0x000001e07ea398d0 DEOPT UNPACKING pc=0x000001e06efd6da3 sp=0x000000ae1c3feea8 mode 2

Classes loaded (20 events):
Event: 2.345 Loading class java/awt/GradientPaintContext
Event: 2.346 Loading class java/awt/PaintContext
Event: 2.346 Loading class java/awt/PaintContext done
Event: 2.346 Loading class java/awt/GradientPaintContext done
Event: 2.346 Loading class java/awt/geom/Point2D$Double
Event: 2.346 Loading class java/awt/geom/Point2D$Double done
Event: 2.347 Loading class sun/java2d/pipe/AlphaPaintPipe$TileContext
Event: 2.347 Loading class sun/java2d/pipe/AlphaPaintPipe$TileContext done
Event: 2.349 Loading class java/awt/print/PrinterGraphics
Event: 2.349 Loading class java/awt/print/PrinterGraphics done
Event: 2.349 Loading class java/awt/PrintGraphics
Event: 2.350 Loading class java/awt/PrintGraphics done
Event: 2.863 Loading class java/awt/image/BufferedImageOp
Event: 2.863 Loading class java/awt/image/BufferedImageOp done
Event: 6.242 Loading class sun/java2d/loops/FontInfo
Event: 6.243 Loading class sun/java2d/loops/FontInfo done
Event: 13.722 Loading class java/awt/ColorPaintContext
Event: 13.723 Loading class java/awt/ColorPaintContext done
Event: 34.708 Loading class java/security/DomainCombiner
Event: 34.709 Loading class java/security/DomainCombiner done

Classes unloaded (0 events):
No events

Classes redefined (0 events):
No events

Internal exceptions (12 events):
Event: 0.292 Thread 0x000001e05faed7b0 Exception <a 'java/lang/ClassNotFoundException'{0x000000008c4507f8}: sun/awt/resources/spi/awtProvider> (0x000000008c4507f8) 
thrown [s\open\src\hotspot\share\classfile\systemDictionary.cpp, line 255]
Event: 0.325 Thread 0x000001e05faed7b0 Exception <a 'java/io/FileNotFoundException'{0x000000008c31fde8}> (0x000000008c31fde8) 
thrown [s\open\src\hotspot\share\prims\jni.cpp, line 517]
Event: 0.330 Thread 0x000001e05faed7b0 Exception <a 'java/io/FileNotFoundException'{0x000000008c34c2e8}> (0x000000008c34c2e8) 
thrown [s\open\src\hotspot\share\prims\jni.cpp, line 517]
Event: 0.382 Thread 0x000001e05faed7b0 Exception <a 'java/lang/NoSuchMethodError'{0x000000008c3819e0}: 'java.lang.Object java.lang.invoke.DirectMethodHandle$Holder.invokeStaticInit(java.lang.Object)'> (0x000000008c3819e0) 
thrown [s\open\src\hotspot\share\interpreter\linkResolver.cpp, line 774]
Event: 0.506 Thread 0x000001e07ea398d0 Exception <a 'java/lang/NoSuchMethodError'{0x000000008c14c080}: 'void java.lang.invoke.DirectMethodHandle$Holder.invokeSpecial(java.lang.Object, java.lang.Object, java.lang.Object)'> (0x000000008c14c080) 
thrown [s\open\src\hotspot\share\interpreter\linkResolver.cpp, line 774]
Event: 0.519 Thread 0x000001e07ea398d0 Exception <a 'java/lang/NoSuchMethodError'{0x000000008c176f68}: 'java.lang.Object java.lang.invoke.DirectMethodHandle$Holder.newInvokeSpecial(java.lang.Object, java.lang.Object, java.lang.Object, java.lang.Object, java.lang.Object)'> (0x000000008c176f68) 
thrown [s\open\src\hotspot\share\interpreter\linkResolver.cpp, line 774]
Event: 0.526 Thread 0x000001e07ea398d0 Exception <a 'java/lang/NoSuchMethodError'{0x000000008c1a8650}: 'java.lang.Object java.lang.invoke.DirectMethodHandle$Holder.invokeStatic(java.lang.Object, int, java.lang.Object)'> (0x000000008c1a8650) 
thrown [s\open\src\hotspot\share\interpreter\linkResolver.cpp, line 774]
Event: 0.555 Thread 0x000001e07ea398d0 Exception <a 'java/lang/ClassNotFoundException'{0x000000008c078378}: com/sun/swing/internal/plaf/metal/resources/spi/metalProvider> (0x000000008c078378) 
thrown [s\open\src\hotspot\share\classfile\systemDictionary.cpp, line 255]
Event: 0.556 Thread 0x000001e07ea398d0 Exception <a 'java/lang/ClassNotFoundException'{0x000000008c07c378}: com/sun/swing/internal/plaf/basic/resources/spi/basicProvider> (0x000000008c07c378) 
thrown [s\open\src\hotspot\share\classfile\systemDictionary.cpp, line 255]
Event: 0.570 Thread 0x000001e07ea398d0 Exception <a 'java/lang/NoSuchMethodError'{0x000000008c09c640}: 'int java.lang.invoke.Invokers$Holder.invokeExact_MT(java.lang.Object, java.lang.Object)'> (0x000000008c09c640) 
thrown [s\open\src\hotspot\share\interpreter\linkResolver.cpp, line 774]
Event: 0.713 Thread 0x000001e07ea398d0 Exception <a 'java/lang/NoSuchMethodError'{0x000000008b96e538}: 'void java.lang.invoke.DirectMethodHandle$Holder.invokeStaticInit(java.lang.Object)'> (0x000000008b96e538) 
thrown [s\open\src\hotspot\share\interpreter\linkResolver.cpp, line 774]
Event: 0.804 Thread 0x000001e07ea2e790 Exception <a 'java/lang/NoSuchMethodError'{0x000000008c210000}: 'void java.lang.invoke.DirectMethodHandle$Holder.invokeVirtual(java.lang.Object, java.lang.Object)'> (0x000000008c210000) 
thrown [s\open\src\hotspot\share\interpreter\linkResolver.cpp, line 774]

VM Operations (20 events):
Event: 64.364 Executing VM operation: G1CollectForAllocation
Event: 64.372 Executing VM operation: G1CollectForAllocation done
Event: 64.677 Executing VM operation: HandshakeAllThreads
Event: 64.678 Executing VM operation: HandshakeAllThreads done
Event: 65.687 Executing VM operation: Cleanup
Event: 65.687 Executing VM operation: Cleanup done
Event: 66.337 Executing VM operation: G1CollectForAllocation
Event: 66.344 Executing VM operation: G1CollectForAllocation done
Event: 68.314 Executing VM operation: G1CollectForAllocation
Event: 68.319 Executing VM operation: G1CollectForAllocation done
Event: 70.287 Executing VM operation: G1CollectForAllocation
Event: 70.296 Executing VM operation: G1CollectForAllocation done
Event: 72.334 Executing VM operation: G1CollectForAllocation
Event: 72.340 Executing VM operation: G1CollectForAllocation done
Event: 74.563 Executing VM operation: G1CollectForAllocation
Event: 74.568 Executing VM operation: G1CollectForAllocation done
Event: 76.568 Executing VM operation: G1CollectForAllocation
Event: 76.574 Executing VM operation: G1CollectForAllocation done
Event: 78.569 Executing VM operation: G1CollectForAllocation
Event: 78.578 Executing VM operation: G1CollectForAllocation done

Events (19 events):
Event: 0.148 Thread 0x000001e05faed7b0 Thread added: 0x000001e05faed7b0
Event: 0.203 Thread 0x000001e07e560aa0 Thread added: 0x000001e07e560aa0
Event: 0.203 Thread 0x000001e07e561760 Thread added: 0x000001e07e561760
Event: 0.205 Thread 0x000001e07e5666e0 Thread added: 0x000001e07e5666e0
Event: 0.205 Thread 0x000001e07e568020 Thread added: 0x000001e07e568020
Event: 0.205 Thread 0x000001e07e568950 Thread added: 0x000001e07e568950
Event: 0.205 Thread 0x000001e07e569280 Thread added: 0x000001e07e569280
Event: 0.205 Thread 0x000001e07e56bef0 Thread added: 0x000001e07e56bef0
Event: 0.206 Thread 0x000001e07e573ae0 Thread added: 0x000001e07e573ae0
Event: 0.206 Thread 0x000001e07e57c1e0 Thread added: 0x000001e07e57c1e0
Event: 0.235 Thread 0x000001e07e7f66a0 Thread added: 0x000001e07e7f66a0
Event: 0.243 Thread 0x000001e07e7fd070 Thread added: 0x000001e07e7fd070
Event: 0.383 Thread 0x000001e07e83b070 Thread added: 0x000001e07e83b070
Event: 0.384 Thread 0x000001e07ea2a240 Thread added: 0x000001e07ea2a240
Event: 0.385 Thread 0x000001e07ea2e790 Thread added: 0x000001e07ea2e790
Event: 0.420 Thread 0x000001e07ea398d0 Thread added: 0x000001e07ea398d0
Event: 0.421 Thread 0x000001e05faed7b0 Thread exited: 0x000001e05faed7b0
Event: 0.421 Thread 0x000001e05faed7b0 Thread added: 0x000001e05faed7b0
Event: 2.227 Thread 0x000001e07f68bb90 Thread added: 0x000001e07f68bb90


Dynamic libraries:
0x00007ff6e4790000 - 0x00007ff6e47a0000 	C:\Program Files\Java\jdk-19\bin\java.exe
0x00007ffa0dc30000 - 0x00007ffa0de47000 	C:\WINDOWS\SYSTEM32\ntdll.dll
0x00007ff9f95d0000 - 0x00007ff9f95e9000 	C:\Program Files\Avast Software\Avast\aswhook.dll
0x00007ffa0d250000 - 0x00007ffa0d314000 	C:\WINDOWS\System32\KERNEL32.DLL
0x00007ffa0b0c0000 - 0x00007ffa0b466000 	C:\WINDOWS\System32\KERNELBASE.dll
0x00007ffa0b470000 - 0x00007ffa0b581000 	C:\WINDOWS\System32\ucrtbase.dll
0x00007ffa02440000 - 0x00007ffa02458000 	C:\Program Files\Java\jdk-19\bin\jli.dll
0x00007ffa02460000 - 0x00007ffa0247b000 	C:\Program Files\Java\jdk-19\bin\VCRUNTIME140.dll
0x00007ffa0ba00000 - 0x00007ffa0bab1000 	C:\WINDOWS\System32\ADVAPI32.dll
0x00007ffa0bce0000 - 0x00007ffa0bd87000 	C:\WINDOWS\System32\msvcrt.dll
0x00007ffa0dad0000 - 0x00007ffa0db75000 	C:\WINDOWS\System32\sechost.dll
0x00007ffa0bbc0000 - 0x00007ffa0bcd7000 	C:\WINDOWS\System32\RPCRT4.dll
0x00007ffa0c160000 - 0x00007ffa0c30e000 	C:\WINDOWS\System32\USER32.dll
0x00007ffa0b590000 - 0x00007ffa0b5b6000 	C:\WINDOWS\System32\win32u.dll
0x00007ffa0d060000 - 0x00007ffa0d089000 	C:\WINDOWS\System32\GDI32.dll
0x00007ffa0afa0000 - 0x00007ffa0b0b8000 	C:\WINDOWS\System32\gdi32full.dll
0x00007ffa0b6f0000 - 0x00007ffa0b78a000 	C:\WINDOWS\System32\msvcp_win.dll
0x00007ff9fe0a0000 - 0x00007ff9fe333000 	C:\WINDOWS\WinSxS\amd64_microsoft.windows.common-controls_6595b64144ccf1df_6.0.22621.2506_none_270c5ae97388e100\COMCTL32.dll
0x00007ff9fe510000 - 0x00007ff9fe51a000 	C:\WINDOWS\SYSTEM32\VERSION.dll
0x00007ffa0d3d0000 - 0x00007ffa0d401000 	C:\WINDOWS\System32\IMM32.DLL
0x00007ffa02890000 - 0x00007ffa0289c000 	C:\Program Files\Java\jdk-19\bin\vcruntime140_1.dll
0x00007ff9bfe50000 - 0x00007ff9bfede000 	C:\Program Files\Java\jdk-19\bin\msvcp140.dll
0x00007ff990660000 - 0x00007ff991320000 	C:\Program Files\Java\jdk-19\bin\server\jvm.dll
0x00007ffa033e0000 - 0x00007ffa03414000 	C:\WINDOWS\SYSTEM32\WINMM.dll
0x00007ff9fdf30000 - 0x00007ff9fdf39000 	C:\WINDOWS\SYSTEM32\WSOCK32.dll
0x00007ffa0b980000 - 0x00007ffa0b9f1000 	C:\WINDOWS\System32\ws2_32.DLL
0x00007ffa09f60000 - 0x00007ffa09f78000 	C:\WINDOWS\SYSTEM32\kernel.appcore.dll
0x00007ffa02250000 - 0x00007ffa0225a000 	C:\Program Files\Java\jdk-19\bin\jimage.dll
0x00007ffa08770000 - 0x00007ffa089a3000 	C:\WINDOWS\SYSTEM32\DBGHELP.DLL
0x00007ffa0c320000 - 0x00007ffa0c6a9000 	C:\WINDOWS\System32\combase.dll
0x00007ffa0c080000 - 0x00007ffa0c157000 	C:\WINDOWS\System32\OLEAUT32.dll
0x00007ff9fe460000 - 0x00007ff9fe492000 	C:\WINDOWS\SYSTEM32\dbgcore.DLL
0x00007ffa0b900000 - 0x00007ffa0b97a000 	C:\WINDOWS\System32\bcryptPrimitives.dll
0x00007ff9f5e60000 - 0x00007ff9f5e86000 	C:\Program Files\Java\jdk-19\bin\java.dll
0x00007ff9bec30000 - 0x00007ff9bed07000 	C:\Program Files\Java\jdk-19\bin\jsvml.dll
0x00007ffa0c6b0000 - 0x00007ffa0cf0a000 	C:\WINDOWS\System32\SHELL32.dll
0x00007ffa08e70000 - 0x00007ffa09766000 	C:\WINDOWS\SYSTEM32\windows.storage.dll
0x00007ffa08d30000 - 0x00007ffa08e6e000 	C:\WINDOWS\SYSTEM32\wintypes.dll
0x00007ffa0bac0000 - 0x00007ffa0bbb3000 	C:\WINDOWS\System32\SHCORE.dll
0x00007ffa0be90000 - 0x00007ffa0beee000 	C:\WINDOWS\System32\shlwapi.dll
0x00007ffa0aed0000 - 0x00007ffa0aef6000 	C:\WINDOWS\SYSTEM32\profapi.dll
0x00007ff9bcf60000 - 0x00007ff9bd0f1000 	C:\Program Files\Java\jdk-19\bin\awt.dll
0x00007ffa07e00000 - 0x00007ffa07e97000 	C:\WINDOWS\SYSTEM32\apphelp.dll
0x00007ffa07fd0000 - 0x00007ffa0807b000 	C:\WINDOWS\system32\uxtheme.dll
0x00007ffa0cf10000 - 0x00007ffa0d060000 	C:\WINDOWS\System32\MSCTF.dll
0x00007ffa0d410000 - 0x00007ffa0d5b0000 	C:\WINDOWS\System32\ole32.dll
0x00007ffa08220000 - 0x00007ffa0824b000 	C:\WINDOWS\system32\DWMAPI.DLL
0x00007ff9bce60000 - 0x00007ff9bcf60000 	C:\WINDOWS\system32\opengl32.dll
0x00007ffa02490000 - 0x00007ffa024bd000 	C:\WINDOWS\SYSTEM32\GLU32.dll
0x00007ffa080d0000 - 0x00007ffa08106000 	C:\WINDOWS\SYSTEM32\dxcore.dll
0x00007ff9df830000 - 0x00007ff9df848000 	C:\Program Files\Java\jdk-19\bin\zip.dll
0x00007ff9bcbd0000 - 0x00007ff9bcc56000 	C:\Program Files\Java\jdk-19\bin\freetype.dll
0x00007ff9bc800000 - 0x00007ff9bc8a9000 	C:\Program Files\Java\jdk-19\bin\fontmanager.dll
0x00007ff9e0c50000 - 0x00007ff9e0d9a000 	C:\WINDOWS\SYSTEM32\textinputframework.dll
0x00007ff9e5430000 - 0x00007ff9e5443000 	C:\Program Files\Java\jdk-19\bin\net.dll
0x00007ffa050c0000 - 0x00007ffa051f7000 	C:\WINDOWS\SYSTEM32\WINHTTP.dll
0x00007ffa0a3d0000 - 0x00007ffa0a439000 	C:\WINDOWS\system32\mswsock.dll
0x00007ff9df880000 - 0x00007ff9df896000 	C:\Program Files\Java\jdk-19\bin\nio.dll
0x00007ffa07c80000 - 0x00007ffa07db3000 	C:\WINDOWS\SYSTEM32\CoreMessaging.dll
0x00007ff9e3170000 - 0x00007ff9e34dc000 	C:\WINDOWS\SYSTEM32\CoreUIComponents.dll
0x00007ffa0a620000 - 0x00007ffa0a62c000 	C:\WINDOWS\SYSTEM32\CRYPTBASE.DLL

dbghelp: loaded successfully - version: 4.0.5 - missing functions: none
symbol engine: initialized successfully - sym options: 0x614 - pdb path: .;C:\Program Files\Java\jdk-19\bin;C:\WINDOWS\SYSTEM32;C:\Program Files\Avast Software\Avast;C:\WINDOWS\WinSxS\amd64_microsoft.windows.common-controls_6595b64144ccf1df_6.0.22621.2506_none_270c5ae97388e100;C:\Program Files\Java\jdk-19\bin\server

VM Arguments:
jvm_args: -XX:+ShowCodeDetailsInExceptionMessages 
java_command: gui.App
java_class_path (initial): C:\Users\julie\Tower Defense\tower-defense\bin
Launcher Type: SUN_STANDARD

[Global flags]
     intx CICompilerCount                          = 4                                         {product} {ergonomic}
     uint ConcGCThreads                            = 3                                         {product} {ergonomic}
     uint G1ConcRefinementThreads                  = 10                                        {product} {ergonomic}
   size_t G1HeapRegionSize                         = 1048576                                   {product} {ergonomic}
    uintx GCDrainStackTargetSize                   = 64                                        {product} {ergonomic}
   size_t InitialHeapSize                          = 130023424                                 {product} {ergonomic}
   size_t MarkStackSize                            = 4194304                                   {product} {ergonomic}
   size_t MaxHeapSize                              = 2069889024                                {product} {ergonomic}
   size_t MaxNewSize                               = 1241513984                                {product} {ergonomic}
   size_t MinHeapDeltaBytes                        = 1048576                                   {product} {ergonomic}
   size_t MinHeapSize                              = 8388608                                   {product} {ergonomic}
    uintx NonNMethodCodeHeapSize                   = 5839372                                {pd product} {ergonomic}
    uintx NonProfiledCodeHeapSize                  = 122909434                              {pd product} {ergonomic}
    uintx ProfiledCodeHeapSize                     = 122909434                              {pd product} {ergonomic}
    uintx ReservedCodeCacheSize                    = 251658240                              {pd product} {ergonomic}
     bool SegmentedCodeCache                       = true                                      {product} {ergonomic}
     bool ShowCodeDetailsInExceptionMessages       = true                                   {manageable} {command line}
   size_t SoftMaxHeapSize                          = 2069889024                             {manageable} {ergonomic}
     bool UseCompressedClassPointers               = true                           {product lp64_product} {ergonomic}
     bool UseCompressedOops                        = true                           {product lp64_product} {ergonomic}
     bool UseG1GC                                  = true                                      {product} {ergonomic}
     bool UseLargePagesIndividualAllocation        = false                                  {pd product} {ergonomic}

Logging:
Log output configuration:
 #0: stdout all=warning uptime,level,tags foldmultilines=false
 #1: stderr all=off uptime,level,tags foldmultilines=false

Environment Variables:
JAVA_HOME=C:\Program Files\Java\jdk-19
PATH=C:\Program Files\Common Files\Oracle\Java\javapath;C:\WINDOWS\system32;C:\WINDOWS;C:\WINDOWS\System32\Wbem;C:\WINDOWS\System32\WindowsPowerShell\v1.0\;C:\WINDOWS\System32\OpenSSH\;C:\Program Files\Git\cmd;C:\Program Files\Graphviz\bin;C:\Users\julie\AppData\Local\Microsoft\WindowsApps;C:\Microsoft VS Code\bin;C:\Program Files\jflex-1.9.1\bin;C:\Program Files\Graphviz\bin;
USERNAME=julie
LANG=en_US.UTF-8
OS=Windows_NT
PROCESSOR_IDENTIFIER=Intel64 Family 6 Model 154 Stepping 4, GenuineIntel
TMP=C:\Users\julie\AppData\Local\Temp
TEMP=C:\Users\julie\AppData\Local\Temp



---------------  S Y S T E M  ---------------

OS:
 Windows 11 , 64 bit Build 22621 (10.0.22621.2506)
OS uptime: 18 days 6:59 hours
Hyper-V role detected

CPU: total 12 (initial active 12) (6 cores per cpu, 2 threads per core) family 6 model 154 stepping 4 microcode 0x41e, cx8, cmov, fxsr, ht, mmx, 3dnowpref, sse, sse2, sse3, ssse3, sse4.1, sse4.2, popcnt, lzcnt, tsc, tscinvbit, avx, avx2, aes, erms, clmul, bmi1, bmi2, adx, sha, fma, vzeroupper, clflush, clflushopt, clwb, hv, serialize, rdtscp, rdpid, fsrm

Memory: 4k page, system-wide physical 7891M (151M free)
TotalPageFile size 32467M (AvailPageFile size 3M)
current process WorkingSet (physical memory assigned to process): 123M, peak: 156M
current process commit charge ("private bytes"): 233M, peak: 255M

vm_info: Java HotSpot(TM) 64-Bit Server VM (19+36-2238) for windows-amd64 JRE (19+36-2238), built on 2022-08-12T20:29:01Z by "mach5one" with MS VC++ 17.1 (VS2022)

END.
